0 info it worked if it ends with ok
1 verbose cli [ 'node', '/usr/local/bin/npm', 'install', '-g', 'yo' ]
2 info using npm@1.4.14
3 info using node@v0.10.29
4 verbose cache add [ 'yo', null ]
5 verbose cache add name=undefined spec="yo" args=["yo",null]
6 verbose parsed url { protocol: null,
6 verbose parsed url   slashes: null,
6 verbose parsed url   auth: null,
6 verbose parsed url   host: null,
6 verbose parsed url   port: null,
6 verbose parsed url   hostname: null,
6 verbose parsed url   hash: null,
6 verbose parsed url   search: null,
6 verbose parsed url   query: null,
6 verbose parsed url   pathname: 'yo',
6 verbose parsed url   path: 'yo',
6 verbose parsed url   href: 'yo' }
7 silly lockFile c41975d1-yo yo
8 verbose lock yo /Users/mileslee/.npm/c41975d1-yo.lock
9 silly lockFile c41975d1-yo yo
10 silly lockFile c41975d1-yo yo
11 verbose addNamed [ 'yo', '' ]
12 verbose addNamed [ null, '*' ]
13 silly lockFile d937c28e-yo yo@
14 verbose lock yo@ /Users/mileslee/.npm/d937c28e-yo.lock
15 silly addNameRange { name: 'yo', range: '*', hasData: false }
16 verbose url raw yo
17 verbose url resolving [ 'https://registry.npmjs.org/', './yo' ]
18 verbose url resolved https://registry.npmjs.org/yo
19 info trying registry request attempt 1 at 23:30:56
20 http GET https://registry.npmjs.org/yo
21 http 200 https://registry.npmjs.org/yo
22 silly registry.get cb [ 200,
22 silly registry.get   { date: 'Tue, 15 Jul 2014 13:30:57 GMT',
22 silly registry.get     server: 'CouchDB/1.5.0 (Erlang OTP/R16B03)',
22 silly registry.get     etag: '"627X42GZVQ86RTCITX0A0MFWX"',
22 silly registry.get     'content-type': 'application/json',
22 silly registry.get     'cache-control': 'max-age=30',
22 silly registry.get     'content-length': '40275',
22 silly registry.get     'accept-ranges': 'bytes',
22 silly registry.get     via: '1.1 varnish',
22 silly registry.get     age: '108',
22 silly registry.get     'x-served-by': 'cache-syd1621-SYD',
22 silly registry.get     'x-cache': 'HIT',
22 silly registry.get     'x-cache-hits': '1',
22 silly registry.get     'x-timer': 'S1405431057.186608,VS0,VE240',
22 silly registry.get     vary: 'Accept',
22 silly registry.get     'keep-alive': 'timeout=10, max=50',
22 silly registry.get     connection: 'Keep-Alive' } ]
23 silly addNameRange number 2 { name: 'yo', range: '*', hasData: true }
24 silly addNameRange versions [ 'yo',
24 silly addNameRange   [ '1.0.0-beta.1',
24 silly addNameRange     '1.0.0-beta.2',
24 silly addNameRange     '1.0.0-beta.3',
24 silly addNameRange     '1.0.0-beta.4',
24 silly addNameRange     '1.0.0-beta.5',
24 silly addNameRange     '1.0.0-beta.6',
24 silly addNameRange     '1.0.0-beta.7',
24 silly addNameRange     '1.0.0-rc.1',
24 silly addNameRange     '1.0.0-rc.1.1',
24 silly addNameRange     '1.0.0-rc.1.2',
24 silly addNameRange     '1.0.0-rc.1.3',
24 silly addNameRange     '1.0.0-rc.1.4',
24 silly addNameRange     '1.0.0',
24 silly addNameRange     '1.0.1',
24 silly addNameRange     '1.0.2',
24 silly addNameRange     '1.0.3',
24 silly addNameRange     '1.0.4',
24 silly addNameRange     '1.0.5',
24 silly addNameRange     '1.0.6',
24 silly addNameRange     '1.0.7-pre.1',
24 silly addNameRange     '1.0.7-pre.2',
24 silly addNameRange     '1.0.7-pre.3',
24 silly addNameRange     '1.1.0',
24 silly addNameRange     '1.1.1',
24 silly addNameRange     '1.1.2',
24 silly addNameRange     '1.2.0' ] ]
25 verbose addNamed [ 'yo', '1.2.0' ]
26 verbose addNamed [ '1.2.0', '1.2.0' ]
27 silly lockFile 43d9b248-yo-1-2-0 yo@1.2.0
28 verbose lock yo@1.2.0 /Users/mileslee/.npm/43d9b248-yo-1-2-0.lock
29 silly lockFile e6915dcc-gistry-npmjs-org-yo-yo-1-2-0-tgz https://registry.npmjs.org/yo/-/yo-1.2.0.tgz
30 verbose lock https://registry.npmjs.org/yo/-/yo-1.2.0.tgz /Users/mileslee/.npm/e6915dcc-gistry-npmjs-org-yo-yo-1-2-0-tgz.lock
31 verbose addRemoteTarball [ 'https://registry.npmjs.org/yo/-/yo-1.2.0.tgz',
31 verbose addRemoteTarball   'ce499ba3f06963772d77c03e8daefe8686d8047d' ]
32 info retry fetch attempt 1 at 23:30:57
33 verbose fetch to= /var/folders/91/kyj5z2vx64n3rp8b02hw3nsr0000gn/T/npm-1244-XWZUyul1/registry.npmjs.org/yo/-/yo-1.2.0.tgz
34 http GET https://registry.npmjs.org/yo/-/yo-1.2.0.tgz
35 http 200 https://registry.npmjs.org/yo/-/yo-1.2.0.tgz
36 silly lockFile e6915dcc-gistry-npmjs-org-yo-yo-1-2-0-tgz https://registry.npmjs.org/yo/-/yo-1.2.0.tgz
37 silly lockFile e6915dcc-gistry-npmjs-org-yo-yo-1-2-0-tgz https://registry.npmjs.org/yo/-/yo-1.2.0.tgz
38 silly lockFile 43d9b248-yo-1-2-0 yo@1.2.0
39 silly lockFile 43d9b248-yo-1-2-0 yo@1.2.0
40 silly lockFile d937c28e-yo yo@
41 silly lockFile d937c28e-yo yo@
42 silly resolved [ { name: 'yo',
42 silly resolved     version: '1.2.0',
42 silly resolved     description: 'CLI tool for running Yeoman generators',
42 silly resolved     license: 'BSD',
42 silly resolved     bin: { yo: 'cli.js' },
42 silly resolved     author: { name: 'The Yeoman Team' },
42 silly resolved     repository: { type: 'git', url: 'git://github.com/yeoman/yo' },
42 silly resolved     engines: { node: '>=0.10.0', npm: '>=1.4.3' },
42 silly resolved     scripts:
42 silly resolved      { test: 'grunt',
42 silly resolved        postinstall: 'node ./scripts/doctor',
42 silly resolved        postupdate: 'node ./scripts/doctor' },
42 silly resolved     files: [ 'cli.js', 'yoyo.js', 'yeoman.txt', 'scripts' ],
42 silly resolved     keywords:
42 silly resolved      [ 'front-end',
42 silly resolved        'development',
42 silly resolved        'dev',
42 silly resolved        'build',
42 silly resolved        'web',
42 silly resolved        'tool',
42 silly resolved        'cli',
42 silly resolved        'scaffold',
42 silly resolved        'stack',
42 silly resolved        'yeoman',
42 silly resolved        'generator',
42 silly resolved        'app' ],
42 silly resolved     dependencies:
42 silly resolved      { async: '^0.9.0',
42 silly resolved        chalk: '^0.4.0',
42 silly resolved        findup: '^0.1.3',
42 silly resolved        fullname: '^0.1.0',
42 silly resolved        insight: '^0.3.0',
42 silly resolved        'is-root': '^0.1.0',
42 silly resolved        lodash: '^2.4.1',
42 silly resolved        nopt: '^3.0.0',
42 silly resolved        opn: '^0.1.1',
42 silly resolved        shelljs: '^0.3.0',
42 silly resolved        'string-length': '^0.1.2',
42 silly resolved        'sudo-block': '^0.4.0',
42 silly resolved        'update-notifier': '^0.1.3',
42 silly resolved        'yeoman-generator': '^0.17.0',
42 silly resolved        yosay: '^0.2.1' },
42 silly resolved     peerDependencies: { 'grunt-cli': '>=0.1.7', bower: '>=1.0.0' },
42 silly resolved     devDependencies:
42 silly resolved      { grunt: '^0.4.2',
42 silly resolved        'grunt-contrib-jshint': '^0.10.0',
42 silly resolved        'grunt-contrib-watch': '^0.6.1',
42 silly resolved        'grunt-mocha-test': '^0.11.0',
42 silly resolved        mockery: '^1.4.0' },
42 silly resolved     engineStrict: true,
42 silly resolved     preferGlobal: true,
42 silly resolved     bugs: { url: 'https://github.com/yeoman/yo/issues' },
42 silly resolved     homepage: 'https://github.com/yeoman/yo',
42 silly resolved     _id: 'yo@1.2.0',
42 silly resolved     dist:
42 silly resolved      { shasum: 'ce499ba3f06963772d77c03e8daefe8686d8047d',
42 silly resolved        tarball: 'http://registry.npmjs.org/yo/-/yo-1.2.0.tgz' },
42 silly resolved     _from: 'yo@',
42 silly resolved     _npmVersion: '1.4.6',
42 silly resolved     _npmUser: { name: 'sboudrias', email: 'admin@simonboudrias.com' },
42 silly resolved     maintainers: [ [Object], [Object], [Object], [Object], [Object], [Object] ],
42 silly resolved     directories: {},
42 silly resolved     _shasum: 'ce499ba3f06963772d77c03e8daefe8686d8047d',
42 silly resolved     _resolved: 'https://registry.npmjs.org/yo/-/yo-1.2.0.tgz' } ]
43 info install yo@1.2.0 into /usr/local/lib
44 info installOne yo@1.2.0
45 info /usr/local/lib/node_modules/yo unbuild
46 verbose tar unpack /Users/mileslee/.npm/yo/1.2.0/package.tgz
47 silly lockFile 7d7c7bef-ar-usr-local-lib-node-modules-yo tar:///usr/local/lib/node_modules/yo
48 verbose lock tar:///usr/local/lib/node_modules/yo /Users/mileslee/.npm/7d7c7bef-ar-usr-local-lib-node-modules-yo.lock
49 silly lockFile 7b109e40-ileslee-npm-yo-1-2-0-package-tgz tar:///Users/mileslee/.npm/yo/1.2.0/package.tgz
50 verbose lock tar:///Users/mileslee/.npm/yo/1.2.0/package.tgz /Users/mileslee/.npm/7b109e40-ileslee-npm-yo-1-2-0-package-tgz.lock
51 silly gunzTarPerm modes [ '755', '644' ]
52 error Error: EACCES, mkdir '/usr/local/lib/node_modules/yo'
52 error  { [Error: EACCES, mkdir '/usr/local/lib/node_modules/yo']
52 error   errno: 3,
52 error   code: 'EACCES',
52 error   path: '/usr/local/lib/node_modules/yo',
52 error   fstream_type: 'Directory',
52 error   fstream_path: '/usr/local/lib/node_modules/yo',
52 error   fstream_class: 'DirWriter',
52 error   fstream_stack:
52 error    [ '/usr/local/lib/node_modules/npm/node_modules/fstream/lib/dir-writer.js:36:23',
52 error      '/usr/local/lib/node_modules/npm/node_modules/mkdirp/index.js:37:53',
52 error      'Object.oncomplete (fs.js:107:15)' ] }
53 error Please try running this command again as root/Administrator.
54 error System Darwin 13.1.0
55 error command "node" "/usr/local/bin/npm" "install" "-g" "yo"
56 error cwd /Users/mileslee/Development/sr-scoping/client
57 error node -v v0.10.29
58 error npm -v 1.4.14
59 error path /usr/local/lib/node_modules/yo
60 error fstream_path /usr/local/lib/node_modules/yo
61 error fstream_type Directory
62 error fstream_class DirWriter
63 error code EACCES
64 error errno 3
65 error stack Error: EACCES, mkdir '/usr/local/lib/node_modules/yo'
66 error fstream_stack /usr/local/lib/node_modules/npm/node_modules/fstream/lib/dir-writer.js:36:23
66 error fstream_stack /usr/local/lib/node_modules/npm/node_modules/mkdirp/index.js:37:53
66 error fstream_stack Object.oncomplete (fs.js:107:15)
67 verbose exit [ 3, true ]
